[Sat Nov 22 23:17:51.614103 2014] [core:crit] [pid 20433] (13)Permission denied: [client 127.0.0.1:40525] AH00529: /home/caio/Desktop/workspace/bird-a/static/vendor/jquery/jquery-ui/.htaccess pcfg_openfile: unable to check htaccess file, ensure it is readable and that '/home/caio/Desktop/workspace/bird-a/static/vendor/jquery/jquery-ui/' is executable, referer: http://birda.it/test.html
[Sat Nov 22 23:17:51.614100 2014] [core:crit] [pid 20432] (13)Permission denied: [client 127.0.0.1:40524] AH00529: /home/caio/Desktop/workspace/bird-a/static/vendor/jquery/jquery-ui/.htaccess pcfg_openfile: unable to check htaccess file, ensure it is readable and that '/home/caio/Desktop/workspace/bird-a/static/vendor/jquery/jquery-ui/' is executable, referer: http://birda.it/test.html
[Sat Nov 22 23:17:51.730599 2014] [core:crit] [pid 20436] (13)Permission denied: [client 127.0.0.1:40523] AH00529: /home/caio/Desktop/workspace/bird-a/static/vendor/jquery/jquery-ui/.htaccess pcfg_openfile: unable to check htaccess file, ensure it is readable and that '/home/caio/Desktop/workspace/bird-a/static/vendor/jquery/jquery-ui/' is executable, referer: http://birda.it/test.html
[Sat Nov 22 23:17:51.737373 2014] [core:crit] [pid 20436] (13)Permission denied: [client 127.0.0.1:40523] AH00529: /home/caio/Desktop/workspace/bird-a/static/vendor/jquery/jquery-ui/.htaccess pcfg_openfile: unable to check htaccess file, ensure it is readable and that '/home/caio/Desktop/workspace/bird-a/static/vendor/jquery/jquery-ui/' is executable, referer: http://birda.it/test.html
[Sun Nov 23 15:30:55.039945 2014] [:info] [pid 30093] mod_wsgi (pid=30093): Attach interpreter ''.
[Sun Nov 23 15:30:55.045249 2014] [:info] [pid 30092] mod_wsgi (pid=30092): Attach interpreter ''.
[Sun Nov 23 15:31:09.073304 2014] [:info] [pid 30093] mod_wsgi (pid=30093): Create interpreter 'birda.it|'.
[Sun Nov 23 16:01:11.664821 2014] [:info] [pid 30092] mod_wsgi (pid=30092): Create interpreter 'birda.it|'.
[Sun Nov 23 16:59:53.383163 2014] [:info] [pid 30092] mod_wsgi (pid=30092): Shutdown requested 'birda.it'.
[Sun Nov 23 16:59:53.383188 2014] [:info] [pid 30102] [client 127.0.0.1:42268] mod_wsgi (pid=30102): Connect after WSGI daemon process restart, attempt #1.
[Sun Nov 23 16:59:53.383480 2014] [:info] [pid 30092] mod_wsgi (pid=30092): Stopping process 'birda.it'.
[Sun Nov 23 16:59:53.383506 2014] [:info] [pid 30092] mod_wsgi (pid=30092): Destroying interpreters.
[Sun Nov 23 16:59:53.383527 2014] [:info] [pid 30092] mod_wsgi (pid=30092): Destroy interpreter 'birda.it|'.
[Sun Nov 23 16:59:53.386258 2014] [:info] [pid 30092] mod_wsgi (pid=30092): Cleanup interpreter ''.
[Sun Nov 23 16:59:53.387507 2014] [:info] [pid 30092] mod_wsgi (pid=30092): Terminating Python.
[Sun Nov 23 16:59:53.390353 2014] [:info] [pid 30092] mod_wsgi (pid=30092): Python has shutdown.
[Sun Nov 23 16:59:54.104124 2014] [:info] [pid 30940] mod_wsgi (pid=30940): Attach interpreter ''.
[Sun Nov 23 17:00:01.070919 2014] [:info] [pid 30093] mod_wsgi (pid=30093): Shutdown requested 'birda.it'.
[Sun Nov 23 17:00:01.071005 2014] [:info] [pid 30098] [client 127.0.0.1:42272] mod_wsgi (pid=30098): Connect after WSGI daemon process restart, attempt #1.
[Sun Nov 23 17:00:01.074632 2014] [:info] [pid 30093] mod_wsgi (pid=30093): Stopping process 'birda.it'.
[Sun Nov 23 17:00:01.074679 2014] [:info] [pid 30093] mod_wsgi (pid=30093): Destroying interpreters.
[Sun Nov 23 17:00:01.074705 2014] [:info] [pid 30093] mod_wsgi (pid=30093): Destroy interpreter 'birda.it|'.
[Sun Nov 23 17:00:01.077940 2014] [:info] [pid 30093] mod_wsgi (pid=30093): Cleanup interpreter ''.
[Sun Nov 23 17:00:01.079724 2014] [:info] [pid 30093] mod_wsgi (pid=30093): Terminating Python.
[Sun Nov 23 17:00:01.080636 2014] [:info] [pid 30940] mod_wsgi (pid=30940): Create interpreter 'birda.it|'.
[Sun Nov 23 17:00:01.084523 2014] [:info] [pid 30093] mod_wsgi (pid=30093): Python has shutdown.
[Sun Nov 23 17:00:01.109483 2014] [:info] [pid 30966] mod_wsgi (pid=30966): Attach interpreter ''.
[Sun Nov 23 17:05:11.688360 2014] [:info] [pid 30966] mod_wsgi (pid=30966): Create interpreter 'birda.it|'.
[Mon Nov 24 01:05:05.994197 2014] [:info] [pid 30940] mod_wsgi (pid=30940): Shutdown requested 'birda.it'.
[Mon Nov 24 01:05:05.994181 2014] [:info] [pid 30966] mod_wsgi (pid=30966): Shutdown requested 'birda.it'.
[Mon Nov 24 01:05:05.994315 2014] [:info] [pid 30940] mod_wsgi (pid=30940): Stopping process 'birda.it'.
[Mon Nov 24 01:05:05.994338 2014] [:info] [pid 30940] mod_wsgi (pid=30940): Destroying interpreters.
[Mon Nov 24 01:05:05.994345 2014] [:info] [pid 30966] mod_wsgi (pid=30966): Stopping process 'birda.it'.
[Mon Nov 24 01:05:05.994362 2014] [:info] [pid 30940] mod_wsgi (pid=30940): Destroy interpreter 'birda.it|'.
[Mon Nov 24 01:05:05.994375 2014] [:info] [pid 30966] mod_wsgi (pid=30966): Destroying interpreters.
[Mon Nov 24 01:05:05.994405 2014] [:info] [pid 30966] mod_wsgi (pid=30966): Destroy interpreter 'birda.it|'.
[Mon Nov 24 01:05:06.003914 2014] [:info] [pid 30940] mod_wsgi (pid=30940): Cleanup interpreter ''.
[Mon Nov 24 01:05:06.004267 2014] [:info] [pid 30966] mod_wsgi (pid=30966): Cleanup interpreter ''.
[Mon Nov 24 01:05:06.005691 2014] [:info] [pid 30940] mod_wsgi (pid=30940): Terminating Python.
[Mon Nov 24 01:05:06.005917 2014] [:info] [pid 30966] mod_wsgi (pid=30966): Terminating Python.
[Mon Nov 24 01:05:06.010219 2014] [:info] [pid 30940] mod_wsgi (pid=30940): Python has shutdown.
[Mon Nov 24 01:05:06.010225 2014] [:info] [pid 30966] mod_wsgi (pid=30966): Python has shutdown.
[Mon Nov 24 01:18:16.357691 2014] [:info] [pid 518] mod_wsgi (pid=518): Attach interpreter ''.
[Mon Nov 24 01:18:16.359055 2014] [:info] [pid 517] mod_wsgi (pid=517): Attach interpreter ''.
[Mon Nov 24 01:23:14.955089 2014] [:info] [pid 517] mod_wsgi (pid=517): Create interpreter 'birda.it|'.
[Mon Nov 24 01:23:21.082450 2014] [:info] [pid 517] mod_wsgi (pid=517): Shutdown requested 'birda.it'.
[Mon Nov 24 01:23:21.082538 2014] [:info] [pid 527] [client 127.0.0.1:42725] mod_wsgi (pid=527): Connect after WSGI daemon process restart, attempt #1.
[Mon Nov 24 01:23:21.083089 2014] [:info] [pid 517] mod_wsgi (pid=517): Stopping process 'birda.it'.
[Mon Nov 24 01:23:21.083124 2014] [:info] [pid 517] mod_wsgi (pid=517): Destroying interpreters.
[Mon Nov 24 01:23:21.083149 2014] [:info] [pid 517] mod_wsgi (pid=517): Destroy interpreter 'birda.it|'.
[Mon Nov 24 01:23:21.086526 2014] [:info] [pid 517] mod_wsgi (pid=517): Cleanup interpreter ''.
[Mon Nov 24 01:23:21.088406 2014] [:info] [pid 517] mod_wsgi (pid=517): Terminating Python.
[Mon Nov 24 01:23:21.092168 2014] [:info] [pid 517] mod_wsgi (pid=517): Python has shutdown.
[Mon Nov 24 01:23:21.093833 2014] [:info] [pid 518] mod_wsgi (pid=518): Create interpreter 'birda.it|'.
[Mon Nov 24 01:23:21.638085 2014] [:info] [pid 654] mod_wsgi (pid=654): Attach interpreter ''.
[Mon Nov 24 01:23:23.788320 2014] [:info] [pid 654] mod_wsgi (pid=654): Create interpreter 'birda.it|'.
[Mon Nov 24 01:23:43.101394 2014] [:info] [pid 518] mod_wsgi (pid=518): Shutdown requested 'birda.it'.
[Mon Nov 24 01:23:43.101409 2014] [:info] [pid 528] [client 127.0.0.1:42729] mod_wsgi (pid=528): Connect after WSGI daemon process restart, attempt #1.
[Mon Nov 24 01:23:43.101647 2014] [:info] [pid 528] [client 127.0.0.1:42729] mod_wsgi (pid=528): Connect after WSGI daemon process restart, attempt #2.
[Mon Nov 24 01:23:43.101704 2014] [:info] [pid 654] mod_wsgi (pid=654): Shutdown requested 'birda.it'.
[Mon Nov 24 01:23:43.101883 2014] [:info] [pid 518] mod_wsgi (pid=518): Stopping process 'birda.it'.
[Mon Nov 24 01:23:43.101909 2014] [:info] [pid 518] mod_wsgi (pid=518): Destroying interpreters.
[Mon Nov 24 01:23:43.101940 2014] [:info] [pid 518] mod_wsgi (pid=518): Destroy interpreter 'birda.it|'.
[Mon Nov 24 01:23:43.102190 2014] [:info] [pid 654] mod_wsgi (pid=654): Stopping process 'birda.it'.
[Mon Nov 24 01:23:43.102215 2014] [:info] [pid 654] mod_wsgi (pid=654): Destroying interpreters.
[Mon Nov 24 01:23:43.102237 2014] [:info] [pid 654] mod_wsgi (pid=654): Destroy interpreter 'birda.it|'.
[Mon Nov 24 01:23:43.105432 2014] [:info] [pid 518] mod_wsgi (pid=518): Cleanup interpreter ''.
[Mon Nov 24 01:23:43.105467 2014] [:info] [pid 654] mod_wsgi (pid=654): Cleanup interpreter ''.
[Mon Nov 24 01:23:43.107258 2014] [:info] [pid 518] mod_wsgi (pid=518): Terminating Python.
[Mon Nov 24 01:23:43.107258 2014] [:info] [pid 654] mod_wsgi (pid=654): Terminating Python.
[Mon Nov 24 01:23:43.110189 2014] [:info] [pid 654] mod_wsgi (pid=654): Python has shutdown.
[Mon Nov 24 01:23:43.112016 2014] [:info] [pid 518] mod_wsgi (pid=518): Python has shutdown.
[Mon Nov 24 01:23:43.663916 2014] [:info] [pid 684] mod_wsgi (pid=684): Attach interpreter ''.
[Mon Nov 24 01:23:43.664478 2014] [:info] [pid 683] mod_wsgi (pid=683): Attach interpreter ''.
[Mon Nov 24 01:23:43.673581 2014] [:info] [pid 684] mod_wsgi (pid=684): Create interpreter 'birda.it|'.
[Mon Nov 24 01:23:46.372987 2014] [:info] [pid 684] mod_wsgi (pid=684): Shutdown requested 'birda.it'.
[Mon Nov 24 01:23:46.373005 2014] [:info] [pid 528] [client 127.0.0.1:42729] mod_wsgi (pid=528): Connect after WSGI daemon process restart, attempt #1.
[Mon Nov 24 01:23:46.373100 2014] [:info] [pid 684] mod_wsgi (pid=684): Stopping process 'birda.it'.
[Mon Nov 24 01:23:46.373123 2014] [:info] [pid 684] mod_wsgi (pid=684): Destroying interpreters.
[Mon Nov 24 01:23:46.373145 2014] [:info] [pid 684] mod_wsgi (pid=684): Destroy interpreter 'birda.it|'.
[Mon Nov 24 01:23:46.376761 2014] [:info] [pid 684] mod_wsgi (pid=684): Cleanup interpreter ''.
[Mon Nov 24 01:23:46.378473 2014] [:info] [pid 684] mod_wsgi (pid=684): Terminating Python.
[Mon Nov 24 01:23:46.382356 2014] [:info] [pid 684] mod_wsgi (pid=684): Python has shutdown.
[Mon Nov 24 01:23:46.384142 2014] [:info] [pid 683] mod_wsgi (pid=683): Create interpreter 'birda.it|'.
[Mon Nov 24 01:23:46.665543 2014] [:info] [pid 727] mod_wsgi (pid=727): Attach interpreter ''.
[Mon Nov 24 01:23:49.985416 2014] [:info] [pid 727] mod_wsgi (pid=727): Create interpreter 'birda.it|'.
[Mon Nov 24 01:25:15.088616 2014] [:info] [pid 683] mod_wsgi (pid=683): Shutdown requested 'birda.it'.
[Mon Nov 24 01:25:15.088632 2014] [:info] [pid 525] [client 127.0.0.1:42730] mod_wsgi (pid=525): Connect after WSGI daemon process restart, attempt #1.
[Mon Nov 24 01:25:15.088888 2014] [:info] [pid 525] [client 127.0.0.1:42730] mod_wsgi (pid=525): Connect after WSGI daemon process restart, attempt #2.
[Mon Nov 24 01:25:15.088944 2014] [:info] [pid 727] mod_wsgi (pid=727): Shutdown requested 'birda.it'.
[Mon Nov 24 01:25:15.089105 2014] [:info] [pid 683] mod_wsgi (pid=683): Stopping process 'birda.it'.
[Mon Nov 24 01:25:15.089130 2014] [:info] [pid 683] mod_wsgi (pid=683): Destroying interpreters.
[Mon Nov 24 01:25:15.089155 2014] [:info] [pid 683] mod_wsgi (pid=683): Destroy interpreter 'birda.it|'.
[Mon Nov 24 01:25:15.089416 2014] [:info] [pid 727] mod_wsgi (pid=727): Stopping process 'birda.it'.
[Mon Nov 24 01:25:15.089441 2014] [:info] [pid 727] mod_wsgi (pid=727): Destroying interpreters.
[Mon Nov 24 01:25:15.089464 2014] [:info] [pid 727] mod_wsgi (pid=727): Destroy interpreter 'birda.it|'.
[Mon Nov 24 01:25:15.092703 2014] [:info] [pid 683] mod_wsgi (pid=683): Cleanup interpreter ''.
[Mon Nov 24 01:25:15.092760 2014] [:info] [pid 727] mod_wsgi (pid=727): Cleanup interpreter ''.
[Mon Nov 24 01:25:15.094404 2014] [:info] [pid 683] mod_wsgi (pid=683): Terminating Python.
[Mon Nov 24 01:25:15.094404 2014] [:info] [pid 727] mod_wsgi (pid=727): Terminating Python.
[Mon Nov 24 01:25:15.098144 2014] [:info] [pid 683] mod_wsgi (pid=683): Python has shutdown.
[Mon Nov 24 01:25:15.098144 2014] [:info] [pid 727] mod_wsgi (pid=727): Python has shutdown.
[Mon Nov 24 01:25:15.754982 2014] [:info] [pid 778] mod_wsgi (pid=778): Attach interpreter ''.
[Mon Nov 24 01:25:15.755095 2014] [:info] [pid 779] mod_wsgi (pid=779): Attach interpreter ''.
[Mon Nov 24 01:25:15.762266 2014] [:info] [pid 779] mod_wsgi (pid=779): Create interpreter 'birda.it|'.
[Mon Nov 24 01:26:30.577420 2014] [:info] [pid 778] mod_wsgi (pid=778): Shutdown requested 'birda.it'.
[Mon Nov 24 01:26:30.577438 2014] [:info] [pid 779] mod_wsgi (pid=779): Shutdown requested 'birda.it'.
[Mon Nov 24 01:26:30.577550 2014] [:info] [pid 778] mod_wsgi (pid=778): Stopping process 'birda.it'.
[Mon Nov 24 01:26:30.577560 2014] [:info] [pid 779] mod_wsgi (pid=779): Stopping process 'birda.it'.
[Mon Nov 24 01:26:30.577598 2014] [:info] [pid 778] mod_wsgi (pid=778): Destroying interpreters.
[Mon Nov 24 01:26:30.577613 2014] [:info] [pid 779] mod_wsgi (pid=779): Destroying interpreters.
[Mon Nov 24 01:26:30.577627 2014] [:info] [pid 778] mod_wsgi (pid=778): Cleanup interpreter ''.
[Mon Nov 24 01:26:30.577644 2014] [:info] [pid 779] mod_wsgi (pid=779): Destroy interpreter 'birda.it|'.
[Mon Nov 24 01:26:30.581723 2014] [:info] [pid 779] mod_wsgi (pid=779): Cleanup interpreter ''.
[Mon Nov 24 01:26:30.582054 2014] [:info] [pid 778] mod_wsgi (pid=778): Terminating Python.
[Mon Nov 24 01:26:30.586397 2014] [:info] [pid 778] mod_wsgi (pid=778): Python has shutdown.
[Mon Nov 24 01:26:30.591630 2014] [:info] [pid 779] mod_wsgi (pid=779): Terminating Python.
[Mon Nov 24 01:26:30.596726 2014] [:info] [pid 779] mod_wsgi (pid=779): Python has shutdown.
[Mon Nov 24 01:31:02.389509 2014] [:info] [pid 1046] mod_wsgi (pid=1046): Attach interpreter ''.
[Mon Nov 24 01:31:02.407750 2014] [:info] [pid 1047] mod_wsgi (pid=1047): Attach interpreter ''.
[Mon Nov 24 01:31:38.212310 2014] [:info] [pid 1046] mod_wsgi (pid=1046): Create interpreter 'birda.it|'.
[Mon Nov 24 01:32:42.853427 2014] [:info] [pid 1047] mod_wsgi (pid=1047): Create interpreter 'birda.it|'.
[Mon Nov 24 01:32:57.257563 2014] [:info] [pid 1046] mod_wsgi (pid=1046): Shutdown requested 'birda.it'.
[Mon Nov 24 01:32:57.257658 2014] [:info] [pid 1058] [client 127.0.0.1:42781] mod_wsgi (pid=1058): Connect after WSGI daemon process restart, attempt #1.
[Mon Nov 24 01:32:57.258051 2014] [:info] [pid 1046] mod_wsgi (pid=1046): Stopping process 'birda.it'.
[Mon Nov 24 01:32:57.258083 2014] [:info] [pid 1046] mod_wsgi (pid=1046): Destroying interpreters.
[Mon Nov 24 01:32:57.258108 2014] [:info] [pid 1046] mod_wsgi (pid=1046): Destroy interpreter 'birda.it|'.
[Mon Nov 24 01:32:57.260733 2014] [:info] [pid 1046] mod_wsgi (pid=1046): Cleanup interpreter ''.
[Mon Nov 24 01:32:57.262470 2014] [:info] [pid 1046] mod_wsgi (pid=1046): Terminating Python.
[Mon Nov 24 01:32:57.265927 2014] [:info] [pid 1046] mod_wsgi (pid=1046): Python has shutdown.
[Mon Nov 24 01:32:57.497212 2014] [:info] [pid 1195] mod_wsgi (pid=1195): Attach interpreter ''.
[Mon Nov 24 01:32:58.443904 2014] [:info] [pid 1195] mod_wsgi (pid=1195): Create interpreter 'birda.it|'.
[Mon Nov 24 01:33:43.729564 2014] [:info] [pid 1195] mod_wsgi (pid=1195): Shutdown requested 'birda.it'.
[Mon Nov 24 01:33:43.730107 2014] [:info] [pid 1195] mod_wsgi (pid=1195): Stopping process 'birda.it'.
[Mon Nov 24 01:33:43.730137 2014] [:info] [pid 1195] mod_wsgi (pid=1195): Destroying interpreters.
[Mon Nov 24 01:33:43.730161 2014] [:info] [pid 1195] mod_wsgi (pid=1195): Destroy interpreter 'birda.it|'.
[Mon Nov 24 01:33:43.733565 2014] [:info] [pid 1195] mod_wsgi (pid=1195): Cleanup interpreter ''.
[Mon Nov 24 01:33:43.735000 2014] [:info] [pid 1047] mod_wsgi (pid=1047): Shutdown requested 'birda.it'.
[Mon Nov 24 01:33:43.735114 2014] [:info] [pid 1047] mod_wsgi (pid=1047): Stopping process 'birda.it'.
[Mon Nov 24 01:33:43.735136 2014] [:info] [pid 1047] mod_wsgi (pid=1047): Destroying interpreters.
[Mon Nov 24 01:33:43.735159 2014] [:info] [pid 1047] mod_wsgi (pid=1047): Destroy interpreter 'birda.it|'.
[Mon Nov 24 01:33:43.735825 2014] [:info] [pid 1195] mod_wsgi (pid=1195): Terminating Python.
[Mon Nov 24 01:33:43.740547 2014] [:info] [pid 1195] mod_wsgi (pid=1195): Python has shutdown.
[Mon Nov 24 01:33:43.757375 2014] [:info] [pid 1047] mod_wsgi (pid=1047): Cleanup interpreter ''.
[Mon Nov 24 01:33:43.759008 2014] [:info] [pid 1047] mod_wsgi (pid=1047): Terminating Python.
[Mon Nov 24 01:33:43.763642 2014] [:info] [pid 1047] mod_wsgi (pid=1047): Python has shutdown.
[Mon Nov 24 01:35:29.285554 2014] [:info] [pid 2473] mod_wsgi (pid=2473): Attach interpreter ''.
[Mon Nov 24 01:35:29.289355 2014] [:info] [pid 2472] mod_wsgi (pid=2472): Attach interpreter ''.
[Mon Nov 24 01:35:43.803323 2014] [:info] [pid 2472] mod_wsgi (pid=2472): Create interpreter 'birda.it|'.
[Mon Nov 24 01:36:00.456360 2014] [:info] [pid 2473] mod_wsgi (pid=2473): Create interpreter 'birda.it|'.
[Mon Nov 24 01:43:03.578065 2014] [:info] [pid 2473] mod_wsgi (pid=2473): Shutdown requested 'birda.it'.
[Mon Nov 24 01:43:03.578459 2014] [:info] [pid 2481] [client 127.0.0.1:42809] mod_wsgi (pid=2481): Connect after WSGI daemon process restart, attempt #1.
[Mon Nov 24 01:43:03.578596 2014] [:info] [pid 2473] mod_wsgi (pid=2473): Stopping process 'birda.it'.
[Mon Nov 24 01:43:03.578624 2014] [:info] [pid 2473] mod_wsgi (pid=2473): Destroying interpreters.
[Mon Nov 24 01:43:03.578647 2014] [:info] [pid 2473] mod_wsgi (pid=2473): Destroy interpreter 'birda.it|'.
[Mon Nov 24 01:43:03.581276 2014] [:info] [pid 2473] mod_wsgi (pid=2473): Cleanup interpreter ''.
[Mon Nov 24 01:43:03.583022 2014] [:info] [pid 2473] mod_wsgi (pid=2473): Terminating Python.
[Mon Nov 24 01:43:03.587346 2014] [:info] [pid 2473] mod_wsgi (pid=2473): Python has shutdown.
[Mon Nov 24 01:43:03.699118 2014] [:info] [pid 2694] mod_wsgi (pid=2694): Attach interpreter ''.
[Mon Nov 24 01:43:52.063045 2014] [:info] [pid 2694] mod_wsgi (pid=2694): Create interpreter 'birda.it|'.
[Mon Nov 24 02:02:18.943861 2014] [:info] [pid 2694] mod_wsgi (pid=2694): Shutdown requested 'birda.it'.
[Mon Nov 24 02:02:18.943986 2014] [:info] [pid 2694] mod_wsgi (pid=2694): Stopping process 'birda.it'.
[Mon Nov 24 02:02:18.944009 2014] [:info] [pid 2694] mod_wsgi (pid=2694): Destroying interpreters.
[Mon Nov 24 02:02:18.944033 2014] [:info] [pid 2694] mod_wsgi (pid=2694): Destroy interpreter 'birda.it|'.
[Mon Nov 24 02:02:18.946623 2014] [:info] [pid 2472] mod_wsgi (pid=2472): Shutdown requested 'birda.it'.
[Mon Nov 24 02:02:18.946751 2014] [:info] [pid 2472] mod_wsgi (pid=2472): Stopping process 'birda.it'.
[Mon Nov 24 02:02:18.946774 2014] [:info] [pid 2472] mod_wsgi (pid=2472): Destroying interpreters.
[Mon Nov 24 02:02:18.946798 2014] [:info] [pid 2472] mod_wsgi (pid=2472): Destroy interpreter 'birda.it|'.
[Mon Nov 24 02:02:18.947208 2014] [:info] [pid 2694] mod_wsgi (pid=2694): Cleanup interpreter ''.
[Mon Nov 24 02:02:18.949451 2014] [:info] [pid 2694] mod_wsgi (pid=2694): Terminating Python.
[Mon Nov 24 02:02:18.949511 2014] [:info] [pid 2472] mod_wsgi (pid=2472): Cleanup interpreter ''.
[Mon Nov 24 02:02:18.969297 2014] [:info] [pid 2694] mod_wsgi (pid=2694): Python has shutdown.
[Mon Nov 24 02:02:18.971605 2014] [:info] [pid 2472] mod_wsgi (pid=2472): Terminating Python.
[Mon Nov 24 02:02:18.979047 2014] [:info] [pid 2472] mod_wsgi (pid=2472): Python has shutdown.
[Mon Nov 24 02:02:20.078112 2014] [:info] [pid 3003] mod_wsgi (pid=3003): Attach interpreter ''.
[Mon Nov 24 02:02:20.094669 2014] [:info] [pid 3002] mod_wsgi (pid=3002): Attach interpreter ''.
[Mon Nov 24 02:02:22.092878 2014] [:info] [pid 3003] mod_wsgi (pid=3003): Create interpreter 'birda.it|'.
[Mon Nov 24 02:03:00.318862 2014] [:info] [pid 3002] mod_wsgi (pid=3002): Shutdown requested 'birda.it'.
[Mon Nov 24 02:03:00.322741 2014] [:info] [pid 3002] mod_wsgi (pid=3002): Stopping process 'birda.it'.
[Mon Nov 24 02:03:00.322782 2014] [:info] [pid 3002] mod_wsgi (pid=3002): Destroying interpreters.
[Mon Nov 24 02:03:00.322803 2014] [:info] [pid 3002] mod_wsgi (pid=3002): Cleanup interpreter ''.
[Mon Nov 24 02:03:00.319024 2014] [:info] [pid 3003] mod_wsgi (pid=3003): Shutdown requested 'birda.it'.
[Mon Nov 24 02:03:00.322998 2014] [:info] [pid 3003] mod_wsgi (pid=3003): Stopping process 'birda.it'.
[Mon Nov 24 02:03:00.323020 2014] [:info] [pid 3003] mod_wsgi (pid=3003): Destroying interpreters.
[Mon Nov 24 02:03:00.323045 2014] [:info] [pid 3003] mod_wsgi (pid=3003): Destroy interpreter 'birda.it|'.
[Mon Nov 24 02:03:00.325897 2014] [:info] [pid 3003] mod_wsgi (pid=3003): Cleanup interpreter ''.
[Mon Nov 24 02:03:00.325911 2014] [:info] [pid 3002] mod_wsgi (pid=3002): Terminating Python.
[Mon Nov 24 02:03:00.334746 2014] [:info] [pid 3002] mod_wsgi (pid=3002): Python has shutdown.
[Mon Nov 24 02:03:00.340216 2014] [:info] [pid 3003] mod_wsgi (pid=3003): Terminating Python.
[Mon Nov 24 02:03:00.345892 2014] [:info] [pid 3003] mod_wsgi (pid=3003): Python has shutdown.
[Mon Nov 24 02:03:01.450419 2014] [:info] [pid 3147] mod_wsgi (pid=3147): Attach interpreter ''.
[Mon Nov 24 02:03:01.456111 2014] [:info] [pid 3146] mod_wsgi (pid=3146): Attach interpreter ''.
[Mon Nov 24 02:03:02.443662 2014] [:info] [pid 3147] mod_wsgi (pid=3147): Create interpreter 'birda.it|'.
[Mon Nov 24 02:05:24.812341 2014] [:info] [pid 3146] mod_wsgi (pid=3146): Create interpreter 'birda.it|'.
[Mon Nov 24 02:05:27.495543 2014] [:info] [pid 3147] mod_wsgi (pid=3147): Shutdown requested 'birda.it'.
[Mon Nov 24 02:05:27.495634 2014] [:info] [pid 3154] [client 127.0.0.1:42891] mod_wsgi (pid=3154): Connect after WSGI daemon process restart, attempt #1.
[Mon Nov 24 02:05:27.495896 2014] [:info] [pid 3147] mod_wsgi (pid=3147): Stopping process 'birda.it'.
[Mon Nov 24 02:05:27.495916 2014] [:info] [pid 3147] mod_wsgi (pid=3147): Destroying interpreters.
[Mon Nov 24 02:05:27.495935 2014] [:info] [pid 3147] mod_wsgi (pid=3147): Destroy interpreter 'birda.it|'.
[Mon Nov 24 02:05:27.498089 2014] [:info] [pid 3147] mod_wsgi (pid=3147): Cleanup interpreter ''.
[Mon Nov 24 02:05:27.499614 2014] [:info] [pid 3147] mod_wsgi (pid=3147): Terminating Python.
[Mon Nov 24 02:05:27.504002 2014] [:info] [pid 3147] mod_wsgi (pid=3147): Python has shutdown.
[Mon Nov 24 02:05:27.586823 2014] [:info] [pid 3318] mod_wsgi (pid=3318): Attach interpreter ''.
[Mon Nov 24 02:05:28.380820 2014] [:info] [pid 3318] mod_wsgi (pid=3318): Create interpreter 'birda.it|'.
[Mon Nov 24 02:06:12.809715 2014] [:info] [pid 3318] mod_wsgi (pid=3318): Shutdown requested 'birda.it'.
[Mon Nov 24 02:06:12.810228 2014] [:info] [pid 3318] mod_wsgi (pid=3318): Stopping process 'birda.it'.
[Mon Nov 24 02:06:12.810258 2014] [:info] [pid 3318] mod_wsgi (pid=3318): Destroying interpreters.
[Mon Nov 24 02:06:12.810280 2014] [:info] [pid 3318] mod_wsgi (pid=3318): Destroy interpreter 'birda.it|'.
[Mon Nov 24 02:06:12.813072 2014] [:info] [pid 3318] mod_wsgi (pid=3318): Cleanup interpreter ''.
[Mon Nov 24 02:06:12.816275 2014] [:info] [pid 3318] mod_wsgi (pid=3318): Terminating Python.
[Mon Nov 24 02:06:12.818118 2014] [:info] [pid 3146] mod_wsgi (pid=3146): Shutdown requested 'birda.it'.
[Mon Nov 24 02:06:12.818267 2014] [:info] [pid 3146] mod_wsgi (pid=3146): Stopping process 'birda.it'.
[Mon Nov 24 02:06:12.818291 2014] [:info] [pid 3146] mod_wsgi (pid=3146): Destroying interpreters.
[Mon Nov 24 02:06:12.818315 2014] [:info] [pid 3146] mod_wsgi (pid=3146): Destroy interpreter 'birda.it|'.
[Mon Nov 24 02:06:12.822176 2014] [:info] [pid 3146] mod_wsgi (pid=3146): Cleanup interpreter ''.
[Mon Nov 24 02:06:12.828633 2014] [:info] [pid 3146] mod_wsgi (pid=3146): Terminating Python.
[Mon Nov 24 02:06:12.833646 2014] [:info] [pid 3146] mod_wsgi (pid=3146): Python has shutdown.
[Mon Nov 24 02:06:12.837688 2014] [:info] [pid 3318] mod_wsgi (pid=3318): Python has shutdown.
[Mon Nov 24 02:06:13.954322 2014] [:info] [pid 3480] mod_wsgi (pid=3480): Attach interpreter ''.
[Mon Nov 24 02:06:13.959274 2014] [:info] [pid 3482] mod_wsgi (pid=3482): Attach interpreter ''.
[Mon Nov 24 02:06:17.752682 2014] [:info] [pid 3480] mod_wsgi (pid=3480): Create interpreter 'birda.it|'.
[Mon Nov 24 02:06:31.788505 2014] [:info] [pid 3482] mod_wsgi (pid=3482): Create interpreter 'birda.it|'.
[Mon Nov 24 02:09:21.369140 2014] [:info] [pid 3482] mod_wsgi (pid=3482): Shutdown requested 'birda.it'.
[Mon Nov 24 02:09:21.369271 2014] [:info] [pid 3482] mod_wsgi (pid=3482): Stopping process 'birda.it'.
[Mon Nov 24 02:09:21.369292 2014] [:info] [pid 3482] mod_wsgi (pid=3482): Destroying interpreters.
[Mon Nov 24 02:09:21.369314 2014] [:info] [pid 3482] mod_wsgi (pid=3482): Destroy interpreter 'birda.it|'.
[Mon Nov 24 02:09:21.371516 2014] [:info] [pid 3480] mod_wsgi (pid=3480): Shutdown requested 'birda.it'.
[Mon Nov 24 02:09:21.371659 2014] [:info] [pid 3480] mod_wsgi (pid=3480): Stopping process 'birda.it'.
[Mon Nov 24 02:09:21.371683 2014] [:info] [pid 3480] mod_wsgi (pid=3480): Destroying interpreters.
[Mon Nov 24 02:09:21.371736 2014] [:info] [pid 3480] mod_wsgi (pid=3480): Destroy interpreter 'birda.it|'.
[Mon Nov 24 02:09:21.372094 2014] [:info] [pid 3482] mod_wsgi (pid=3482): Cleanup interpreter ''.
[Mon Nov 24 02:09:21.373834 2014] [:info] [pid 3482] mod_wsgi (pid=3482): Terminating Python.
[Mon Nov 24 02:09:21.374820 2014] [:info] [pid 3480] mod_wsgi (pid=3480): Cleanup interpreter ''.
[Mon Nov 24 02:09:21.376597 2014] [:info] [pid 3480] mod_wsgi (pid=3480): Terminating Python.
[Mon Nov 24 02:09:21.381981 2014] [:info] [pid 3480] mod_wsgi (pid=3480): Python has shutdown.
[Mon Nov 24 02:09:21.388591 2014] [:info] [pid 3482] mod_wsgi (pid=3482): Python has shutdown.
[Mon Nov 24 02:09:22.499142 2014] [:info] [pid 3696] mod_wsgi (pid=3696): Attach interpreter ''.
[Mon Nov 24 02:09:22.512043 2014] [:info] [pid 3698] mod_wsgi (pid=3698): Attach interpreter ''.
[Mon Nov 24 02:09:24.772199 2014] [:info] [pid 3696] mod_wsgi (pid=3696): Create interpreter 'birda.it|'.
[Mon Nov 24 02:09:25.813621 2014] [:info] [pid 3698] mod_wsgi (pid=3698): Create interpreter 'birda.it|'.
[Tue Nov 25 00:23:03.565215 2014] [:info] [pid 3698] mod_wsgi (pid=3698): Shutdown requested 'birda.it'.
[Tue Nov 25 00:23:03.565338 2014] [:info] [pid 3696] mod_wsgi (pid=3696): Shutdown requested 'birda.it'.
[Tue Nov 25 00:23:04.153792 2014] [:info] [pid 3696] mod_wsgi (pid=3696): Stopping process 'birda.it'.
[Tue Nov 25 00:23:04.153909 2014] [:info] [pid 3696] mod_wsgi (pid=3696): Destroying interpreters.
[Tue Nov 25 00:23:04.153975 2014] [:info] [pid 3696] mod_wsgi (pid=3696): Destroy interpreter 'birda.it|'.
[Tue Nov 25 00:23:04.206864 2014] [:info] [pid 3698] mod_wsgi (pid=3698): Stopping process 'birda.it'.
[Tue Nov 25 00:23:04.206906 2014] [:info] [pid 3698] mod_wsgi (pid=3698): Destroying interpreters.
[Tue Nov 25 00:23:04.206937 2014] [:info] [pid 3698] mod_wsgi (pid=3698): Destroy interpreter 'birda.it|'.
[Tue Nov 25 00:23:05.178016 2014] [:info] [pid 3696] mod_wsgi (pid=3696): Cleanup interpreter ''.
[Tue Nov 25 00:23:05.179669 2014] [:info] [pid 3696] mod_wsgi (pid=3696): Terminating Python.
[Tue Nov 25 00:23:05.373647 2014] [:info] [pid 3698] mod_wsgi (pid=3698): Cleanup interpreter ''.
[Tue Nov 25 00:23:05.374898 2014] [:info] [pid 3698] mod_wsgi (pid=3698): Terminating Python.
[Tue Nov 25 00:23:05.505053 2014] [:info] [pid 3696] mod_wsgi (pid=3696): Python has shutdown.
[Tue Nov 25 00:23:05.566858 2014] [:info] [pid 3698] mod_wsgi (pid=3698): Python has shutdown.
[Sat Dec 06 10:08:23.781006 2014] [:info] [pid 15705] mod_wsgi (pid=15705): Attach interpreter ''.
[Sat Dec 06 10:08:23.785444 2014] [:info] [pid 15706] mod_wsgi (pid=15706): Attach interpreter ''.
[Sun Dec 07 16:08:41.061897 2014] [:info] [pid 15706] mod_wsgi (pid=15706): Create interpreter 'birda.it|'.
[Sun Dec 07 16:17:36.893263 2014] [:info] [pid 15705] mod_wsgi (pid=15705): Create interpreter 'birda.it|'.
[Mon Dec 08 08:04:02.911385 2014] [:info] [pid 15706] mod_wsgi (pid=15706): Shutdown requested 'birda.it'.
[Mon Dec 08 08:04:02.992311 2014] [:info] [pid 15705] mod_wsgi (pid=15705): Shutdown requested 'birda.it'.
[Mon Dec 08 08:04:03.144041 2014] [:info] [pid 15706] mod_wsgi (pid=15706): Stopping process 'birda.it'.
[Mon Dec 08 08:04:03.144077 2014] [:info] [pid 15705] mod_wsgi (pid=15705): Stopping process 'birda.it'.
[Mon Dec 08 08:04:03.144087 2014] [:info] [pid 15706] mod_wsgi (pid=15706): Destroying interpreters.
[Mon Dec 08 08:04:03.144109 2014] [:info] [pid 15705] mod_wsgi (pid=15705): Destroying interpreters.
[Mon Dec 08 08:04:03.144128 2014] [:info] [pid 15706] mod_wsgi (pid=15706): Destroy interpreter 'birda.it|'.
[Mon Dec 08 08:04:03.144143 2014] [:info] [pid 15705] mod_wsgi (pid=15705): Destroy interpreter 'birda.it|'.
[Mon Dec 08 08:04:03.147215 2014] [:info] [pid 15705] mod_wsgi (pid=15705): Cleanup interpreter ''.
[Mon Dec 08 08:04:03.147215 2014] [:info] [pid 15706] mod_wsgi (pid=15706): Cleanup interpreter ''.
[Mon Dec 08 08:04:03.149089 2014] [:info] [pid 15706] mod_wsgi (pid=15706): Terminating Python.
[Mon Dec 08 08:04:03.198977 2014] [:info] [pid 15705] mod_wsgi (pid=15705): Terminating Python.
[Mon Dec 08 08:04:03.238800 2014] [:info] [pid 15705] mod_wsgi (pid=15705): Python has shutdown.
[Mon Dec 08 08:04:03.256589 2014] [:info] [pid 15706] mod_wsgi (pid=15706): Python has shutdown.
[Mon Dec 08 08:04:06.922633 2014] [:info] [pid 5212] mod_wsgi (pid=5212): Attach interpreter ''.
[Mon Dec 08 08:04:06.930284 2014] [:info] [pid 5213] mod_wsgi (pid=5213): Attach interpreter ''.
[Mon Dec 08 23:39:36.072227 2014] [:info] [pid 5212] mod_wsgi (pid=5212): Shutdown requested 'birda.it'.
[Mon Dec 08 23:39:36.072382 2014] [:info] [pid 5213] mod_wsgi (pid=5213): Shutdown requested 'birda.it'.
[Mon Dec 08 23:39:36.148079 2014] [:info] [pid 5212] mod_wsgi (pid=5212): Stopping process 'birda.it'.
[Mon Dec 08 23:39:36.148116 2014] [:info] [pid 5213] mod_wsgi (pid=5213): Stopping process 'birda.it'.
[Mon Dec 08 23:39:36.148141 2014] [:info] [pid 5212] mod_wsgi (pid=5212): Destroying interpreters.
[Mon Dec 08 23:39:36.148169 2014] [:info] [pid 5213] mod_wsgi (pid=5213): Destroying interpreters.
[Mon Dec 08 23:39:36.148191 2014] [:info] [pid 5212] mod_wsgi (pid=5212): Cleanup interpreter ''.
[Mon Dec 08 23:39:36.148211 2014] [:info] [pid 5213] mod_wsgi (pid=5213): Cleanup interpreter ''.
[Mon Dec 08 23:39:36.177545 2014] [:info] [pid 5212] mod_wsgi (pid=5212): Terminating Python.
[Mon Dec 08 23:39:36.177693 2014] [:info] [pid 5213] mod_wsgi (pid=5213): Terminating Python.
[Mon Dec 08 23:39:36.182851 2014] [:info] [pid 5213] mod_wsgi (pid=5213): Python has shutdown.
[Mon Dec 08 23:39:36.192812 2014] [:info] [pid 5212] mod_wsgi (pid=5212): Python has shutdown.
